[0m11:52:28.361458 [debug] [MainThread]: Sending event: {'category': 'dbt', 'action': 'invocation', 'label': 'start', 'context': [<snowplow_tracker.self_describing_json.SelfDescribingJson object at 0x000001F720416C50>, <snowplow_tracker.self_describing_json.SelfDescribingJson object at 0x000001F7227383D0>, <snowplow_tracker.self_describing_json.SelfDescribingJson object at 0x000001F7227381F0>]}


============================== 11:52:28.365332 | 5c8d9783-774f-4f88-9842-0100d6e228f3 ==============================
[0m11:52:28.365332 [info ] [MainThread]: Running with dbt=1.11.2
[0m11:52:28.366746 [debug] [MainThread]: running dbt with arguments {'version_check': 'True', 'no_print': 'None', 'static_parser': 'True', 'warn_error_options': 'WarnErrorOptionsV2(error=[], warn=[], silence=[])', 'target_path': 'None', 'printer_width': '80', 'write_json': 'True', 'introspect': 'True', 'log_cache_events': 'False', 'empty': 'None', 'cache_selected_only': 'False', 'fail_fast': 'False', 'debug': 'False', 'log_format': 'default', 'partial_parse': 'True', 'send_anonymous_usage_stats': 'True', 'quiet': 'False', 'warn_error': 'None', 'profiles_dir': 'C:\\Users\\mudga\\.dbt', 'indirect_selection': 'eager', 'use_colors': 'True', 'invocation_command': 'dbt init netflix', 'use_experimental_parser': 'False', 'log_path': 'logs'}
[0m11:52:28.388902 [info ] [MainThread]: A project called netflix already exists here.
[0m11:52:28.389903 [debug] [MainThread]: Command `dbt init` succeeded at 11:52:28.389903 after 0.13 seconds
[0m11:52:28.390899 [debug] [MainThread]: Sending event: {'category': 'dbt', 'action': 'invocation', 'label': 'end', 'context': [<snowplow_tracker.self_describing_json.SelfDescribingJson object at 0x000001F720416C50>, <snowplow_tracker.self_describing_json.SelfDescribingJson object at 0x000001F7227383D0>, <snowplow_tracker.self_describing_json.SelfDescribingJson object at 0x000001F722739090>]}
[0m11:52:28.390899 [debug] [MainThread]: Flushing usage events
[0m11:52:29.959535 [debug] [MainThread]: An error was encountered while trying to flush usage events
[0m11:52:57.592513 [debug] [MainThread]: Sending event: {'category': 'dbt', 'action': 'invocation', 'label': 'start', 'context': [<snowplow_tracker.self_describing_json.SelfDescribingJson object at 0x000001870EAB6C80>, <snowplow_tracker.self_describing_json.SelfDescribingJson object at 0x0000018710DD83D0>, <snowplow_tracker.self_describing_json.SelfDescribingJson object at 0x0000018710DD81F0>]}


============================== 11:52:57.596538 | 95f6b741-8ab7-48f5-8a40-8f32931dcba9 ==============================
[0m11:52:57.596538 [info ] [MainThread]: Running with dbt=1.11.2
[0m11:52:57.597538 [debug] [MainThread]: running dbt with arguments {'static_parser': 'True', 'no_print': 'None', 'version_check': 'True', 'warn_error_options': 'WarnErrorOptionsV2(error=[], warn=[], silence=[])', 'target_path': 'None', 'printer_width': '80', 'write_json': 'True', 'empty': 'None', 'log_cache_events': 'False', 'introspect': 'True', 'cache_selected_only': 'False', 'log_format': 'default', 'debug': 'False', 'fail_fast': 'False', 'profiles_dir': 'C:\\Users\\mudga\\.dbt', 'send_anonymous_usage_stats': 'True', 'quiet': 'False', 'warn_error': 'None', 'partial_parse': 'True', 'use_colors': 'True', 'indirect_selection': 'eager', 'invocation_command': 'dbt init netflixdbt', 'use_experimental_parser': 'False', 'log_path': 'logs'}
[0m11:52:57.618766 [debug] [MainThread]: Starter project path: E:\Data_Engineering_Projects\Netflix_Data_Pipeline\netflix\lib\site-packages\dbt\include\starter_project
[0m11:52:57.708435 [info ] [MainThread]: 
Your new dbt project "netflixdbt" was created!

For more information on how to configure the profiles.yml file,
please consult the dbt documentation here:

  https://docs.getdbt.com/docs/configure-your-profile

One more thing:

Need help? Don't hesitate to reach out to us via GitHub issues or on Slack:

  https://community.getdbt.com/

Happy modeling!

[0m11:52:57.709435 [info ] [MainThread]: Setting up your profile.
[0m12:00:49.672519 [debug] [MainThread]: Snowflake adapter: Setting snowflake.connector to ERROR (file logging only)
[0m12:00:49.673030 [debug] [MainThread]: Snowflake adapter: Setting botocore to ERROR (file logging only)
[0m12:00:49.674043 [debug] [MainThread]: Snowflake adapter: Setting boto3 to ERROR (file logging only)
[0m12:03:35.433274 [info ] [MainThread]: Profile netflixdbt written to C:\Users\mudga\.dbt\profiles.yml using target's profile_template.yml and your supplied values. Run 'dbt debug' to validate the connection.
[0m12:03:35.436294 [debug] [MainThread]: Command `dbt init` succeeded at 12:03:35.435784 after 637.93 seconds
[0m12:03:35.436294 [debug] [MainThread]: Sending event: {'category': 'dbt', 'action': 'invocation', 'label': 'end', 'context': [<snowplow_tracker.self_describing_json.SelfDescribingJson object at 0x000001870EAB6C80>, <snowplow_tracker.self_describing_json.SelfDescribingJson object at 0x0000018710DD8A60>, <snowplow_tracker.self_describing_json.SelfDescribingJson object at 0x0000018710DD95D0>]}
[0m12:03:35.437322 [debug] [MainThread]: Flushing usage events
[0m12:03:36.969400 [debug] [MainThread]: An error was encountered while trying to flush usage events
[0m13:17:08.599794 [debug] [MainThread]: Sending event: {'category': 'dbt', 'action': 'invocation', 'label': 'start', 'context': [<snowplow_tracker.self_describing_json.SelfDescribingJson object at 0x000001E32160ADA0>, <snowplow_tracker.self_describing_json.SelfDescribingJson object at 0x000001E32387B1F0>, <snowplow_tracker.self_describing_json.SelfDescribingJson object at 0x000001E32387BF10>]}


============================== 13:17:08.603800 | c4262cf7-251f-4253-8e41-d896a34e14e7 ==============================
[0m13:17:08.603800 [info ] [MainThread]: Running with dbt=1.10.3
[0m13:17:08.607801 [debug] [MainThread]: running dbt with arguments {'printer_width': '80', 'indirect_selection': 'eager', 'log_cache_events': 'False', 'write_json': 'True', 'partial_parse': 'True', 'cache_selected_only': 'False', 'warn_error': 'None', 'version_check': 'True', 'profiles_dir': 'C:\\Users\\mudga\\.dbt', 'log_path': 'logs', 'debug': 'False', 'fail_fast': 'False', 'use_colors': 'True', 'use_experimental_parser': 'False', 'no_print': 'None', 'quiet': 'False', 'empty': 'False', 'log_format': 'default', 'static_parser': 'True', 'invocation_command': 'dbt run', 'introspect': 'True', 'target_path': 'None', 'warn_error_options': 'WarnErrorOptionsV2(error=[], warn=[], silence=[])', 'send_anonymous_usage_stats': 'True'}
[0m13:17:08.608808 [error] [MainThread]: Encountered an error:
Runtime Error
  No dbt_project.yml found at expected path E:\Data_Engineering_Projects\Netflix_Data_Pipeline\dbt_project.yml
  Verify that each entry within packages.yml (and their transitive dependencies) contains a file named dbt_project.yml
  
[0m13:17:08.609823 [debug] [MainThread]: Command `dbt run` failed at 13:17:08.609823 after 0.12 seconds
[0m13:17:08.609823 [debug] [MainThread]: Sending event: {'category': 'dbt', 'action': 'invocation', 'label': 'end', 'context': [<snowplow_tracker.self_describing_json.SelfDescribingJson object at 0x000001E32160ADA0>, <snowplow_tracker.self_describing_json.SelfDescribingJson object at 0x000001E32387AFB0>, <snowplow_tracker.self_describing_json.SelfDescribingJson object at 0x000001E3238785B0>]}
[0m13:17:08.611843 [debug] [MainThread]: Flushing usage events
[0m13:17:10.752656 [debug] [MainThread]: An error was encountered while trying to flush usage events
